<?xml version="1.0" encoding="UTF-8"?>
<!-- Generated by org.testng.reporters.JUnitReportReporter -->
<testsuite hostname="LAPTOP-4VVFQ6JD" failures="0" tests="1" name="Task" time="0.268" errors="0" timestamp="2024-06-10T15:23:53 EET" skipped="0">
  <testcase classname="Task" name="addEveryItemabove15" time="0.268"/>
  <system-out/>
</testsuite> <!-- Task -->
