<?xml version="1.0" encoding="UTF-8"?>
<!-- Generated by org.testng.reporters.JUnitReportReporter -->
<testsuite hostname="LAPTOP-4VVFQ6JD" failures="0" tests="4" name="Mytestcases" time="0.546" errors="0" timestamp="2024-06-10T01:42:52 EET" skipped="2">
  <testcase classname="Mytestcases" name="myFirstTest" time="0.368"/>
  <system-out/>
  <testcase classname="Mytestcases" name="findAllElementsThaHasTheWordLabs" time="0.178"/>
  <system-out/>
  <testcase classname="Mytestcases" name="addAllItems">
    <skipped/>
  </testcase> <!-- addAllItems -->
  <system-out/>
  <testcase classname="Mytestcases" name="addOneItemandSkipTheNext">
    <skipped/>
  </testcase> <!-- addOneItemandSkipTheNext -->
  <system-out/>
</testsuite> <!-- Mytestcases -->
